lab1/Contact/app/build/intermediates/manifest_merge_blame_file/debug/manifest-merger-blame-debug-report.txt
1<?xml version="1.0" encoding="utf-8"?>
2<manifest xmlns:android="http://schemas.android.com/apk/res/android"
3    package="com.ambow.contact"
4    android:versionCode="1"
5    android:versionName="1.0.0" >
6
7    <uses-sdk android:minSdkVersion="14" />
7-->src/main/AndroidManifest.xml
8
9    <uses-feature android:name="android.hardware.camera" />
9-->src/main/AndroidManifest.xml:6:5-60
9-->src/main/AndroidManifest.xml:6:19-57
10    <!-- 相机权限 -->
11    <uses-permission android:name="android.permission.CAMERA" />
11-->src/main/AndroidManifest.xml:8:5-65
11-->src/main/AndroidManifest.xml:8:22-62
12    <!-- 写入SD卡的权限：如果你希望保存相机拍照后的照片 -->
13    <uses-permission android:name="android.permission.WRITE_EXTERNAL_STORAGE" />
13-->src/main/AndroidManifest.xml:10:5-81
13-->src/main/AndroidManifest.xml:10:22-78
14    <!-- 读取SD卡的权限:打开相册选取图片所必须的权限 -->
15    <uses-permission android:name="android.permission.READ_EXTERNAL_STORAGE" />
15-->src/main/AndroidManifest.xml:12:5-80
15-->src/main/AndroidManifest.xml:12:22-77
16
17    <application
17-->src/main/AndroidManifest.xml:13:5-54:19
18        android:appComponentFactory="android.support.v4.app.CoreComponentFactory"
18-->[com.android.support:support-compat:28.0.0] AndroidManifest.xml:22:18-91
19        android:debuggable="true"
20        android:icon="@drawable/icon"
20-->src/main/AndroidManifest.xml:13:18-47
21        android:label="@string/app_name"
21-->src/main/AndroidManifest.xml:13:48-80
22        android:testOnly="true" >
23        <provider
23-->src/main/AndroidManifest.xml:14:7-15:63
24            android:name="com.ambow.contact.ContactsProvider"
24-->src/main/AndroidManifest.xml:14:17-48
25            android:authorities="com.ambow.provider.contact" />
25-->src/main/AndroidManifest.xml:15:13-61
26
27        <activity
27-->src/main/AndroidManifest.xml:17:9-35:20
28            android:name="com.ambow.contact.Contacts"
28-->src/main/AndroidManifest.xml:17:19-43
29            android:label="@string/app_name" >
29-->src/main/AndroidManifest.xml:18:19-51
30            <intent-filter>
30-->src/main/AndroidManifest.xml:19:13-22:29
31                <action android:name="android.intent.action.MAIN" />
31-->src/main/AndroidManifest.xml:20:17-69
31-->src/main/AndroidManifest.xml:20:25-66
32
33                <category android:name="android.intent.category.LAUNCHER" />
33-->src/main/AndroidManifest.xml:21:17-77
33-->src/main/AndroidManifest.xml:21:27-74
34            </intent-filter>
35            <intent-filter>
35-->src/main/AndroidManifest.xml:23:13-29:29
36                <action android:name="android.intent.action.VIEW" />
36-->src/main/AndroidManifest.xml:24:17-69
36-->src/main/AndroidManifest.xml:24:25-66
37                <action android:name="android.intent.action.EDIT" />
37-->src/main/AndroidManifest.xml:25:17-69
37-->src/main/AndroidManifest.xml:25:25-66
38                <action android:name="android.intent.action.PICK" />
38-->src/main/AndroidManifest.xml:26:17-69
38-->src/main/AndroidManifest.xml:26:25-66
39
40                <category android:name="android.intent.category.DEFAULT" />
40-->src/main/AndroidManifest.xml:27:17-76
40-->src/main/AndroidManifest.xml:27:27-73
41
42                <data android:mimeType="vnd.android.cursor.dir/vnd.ambow.contacts" />
42-->src/main/AndroidManifest.xml:28:17-86
42-->src/main/AndroidManifest.xml:28:23-83
43            </intent-filter>
44            <intent-filter>
44-->src/main/AndroidManifest.xml:30:13-34:29
45                <action android:name="android.intent.action.GET_CONTENT" />
45-->src/main/AndroidManifest.xml:31:17-76
45-->src/main/AndroidManifest.xml:31:25-73
46
47                <category android:name="android.intent.category.DEFAULT" />
47-->src/main/AndroidManifest.xml:27:17-76
47-->src/main/AndroidManifest.xml:27:27-73
48
49                <data android:mimeType="vnd.android.cursor.item/vnd.ambow.contacts" />
49-->src/main/AndroidManifest.xml:28:17-86
49-->src/main/AndroidManifest.xml:28:23-83
50            </intent-filter>
51        </activity>
52        <activity
52-->src/main/AndroidManifest.xml:37:9-52:20
53            android:name="com.ambow.contact.ContactEditor"
53-->src/main/AndroidManifest.xml:37:19-48
54            android:label="@string/app_name" >
54-->src/main/AndroidManifest.xml:38:19-51
55            <intent-filter android:label="@string/menu_edit" >
55-->src/main/AndroidManifest.xml:39:13-44:29
55-->src/main/AndroidManifest.xml:39:28-61
56                <action android:name="android.intent.action.VIEW" />
56-->src/main/AndroidManifest.xml:24:17-69
56-->src/main/AndroidManifest.xml:24:25-66
57                <action android:name="android.intent.action.EDIT" />
57-->src/main/AndroidManifest.xml:25:17-69
57-->src/main/AndroidManifest.xml:25:25-66
58
59                <category android:name="android.intent.category.DEFAULT" />
59-->src/main/AndroidManifest.xml:27:17-76
59-->src/main/AndroidManifest.xml:27:27-73
60
61                <data android:mimeType="vnd.android.cursor.item/vnd.ambow.contacts" />
61-->src/main/AndroidManifest.xml:28:17-86
61-->src/main/AndroidManifest.xml:28:23-83
62            </intent-filter>
63            <intent-filter>
63-->src/main/AndroidManifest.xml:46:13-50:29
64                <action android:name="android.intent.action.INSERT" />
64-->src/main/AndroidManifest.xml:47:17-71
64-->src/main/AndroidManifest.xml:47:25-68
65
66                <category android:name="android.intent.category.DEFAULT" />
66-->src/main/AndroidManifest.xml:27:17-76
66-->src/main/AndroidManifest.xml:27:27-73
67
68                <data android:mimeType="vnd.android.cursor.dir/vnd.ambow.contacts" />
68-->src/main/AndroidManifest.xml:28:17-86
68-->src/main/AndroidManifest.xml:28:23-83
69            </intent-filter>
70        </activity>
71    </application>
72
73</manifest>